#! /usr/bin/vvp
:ivl_version "10.1 (stable)";
:ivl_delay_selection "TYPICAL";
:vpi_time_precision + 0;
:vpi_module "system";
:vpi_module "vhdl_sys";
:vpi_module "v2005_math";
:vpi_module "va_math";
S_0x555e0e308680 .scope module, "zero_one_detector_tb" "zero_one_detector_tb" 2 1;
 .timescale 0 0;
v0x555e0e3330c0_0 .var "A", 0 0;
v0x555e0e333180_0 .net "Y", 0 0, L_0x555e0e333420;  1 drivers
v0x555e0e333250_0 .var "clk", 0 0;
v0x555e0e333350_0 .var "rst", 0 0;
E_0x555e0e308bb0 .event edge, v0x555e0e332ca0_0, v0x555e0e2cfb50_0, v0x555e0e332f80_0, v0x555e0e332be0_0;
S_0x555e0e308800 .scope module, "uut" "zero_one_detector" 2 9, 3 1 0, S_0x555e0e308680;
 .timescale 0 0;
    .port_info 0 /INPUT 1 "A"
    .port_info 1 /OUTPUT 1 "Y"
    .port_info 2 /INPUT 1 "clk"
    .port_info 3 /INPUT 1 "rst"
P_0x555e0e308980 .param/l "S0" 0 3 7, C4<00>;
P_0x555e0e3089c0 .param/l "S1" 0 3 8, C4<01>;
P_0x555e0e308a00 .param/l "S2" 0 3 9, C4<10>;
v0x555e0e2cfb50_0 .net "A", 0 0, v0x555e0e3330c0_0;  1 drivers
v0x555e0e332be0_0 .net "Y", 0 0, L_0x555e0e333420;  alias, 1 drivers
v0x555e0e332ca0_0 .net "clk", 0 0, v0x555e0e333250_0;  1 drivers
v0x555e0e332d70_0 .var "currentstate", 1 0;
v0x555e0e332e50_0 .var "nextstate", 1 0;
v0x555e0e332f80_0 .net "rst", 0 0, v0x555e0e333350_0;  1 drivers
E_0x555e0e308fc0 .event posedge, v0x555e0e332f80_0, v0x555e0e332ca0_0;
L_0x555e0e333420 .part v0x555e0e332d70_0, 0, 1;
    .scope S_0x555e0e308800;
T_0 ;
    %wait E_0x555e0e308fc0;
    %load/vec4 v0x555e0e332f80_0;
    %flag_set/vec4 8;
    %jmp/0xz  T_0.0, 8;
    %pushi/vec4 0, 0, 2;
    %assign/vec4 v0x555e0e332d70_0, 0;
    %pushi/vec4 0, 0, 2;
    %assign/vec4 v0x555e0e332e50_0, 0;
    %jmp T_0.1;
T_0.0 ;
    %load/vec4 v0x555e0e2cfb50_0;
    %flag_set/vec4 8;
    %jmp/0xz  T_0.2, 8;
    %load/vec4 v0x555e0e332d70_0;
    %cmpi/e 1, 0, 2;
    %jmp/0xz  T_0.4, 4;
    %pushi/vec4 2, 0, 2;
    %assign/vec4 v0x555e0e332e50_0, 0;
    %jmp T_0.5;
T_0.4 ;
    %load/vec4 v0x555e0e332d70_0;
    %cmpi/e 2, 0, 2;
    %jmp/0xz  T_0.6, 4;
    %pushi/vec4 0, 0, 2;
    %assign/vec4 v0x555e0e332e50_0, 0;
    %jmp T_0.7;
T_0.6 ;
    %load/vec4 v0x555e0e332d70_0;
    %cmpi/e 0, 0, 2;
    %jmp/0xz  T_0.8, 4;
    %pushi/vec4 0, 0, 2;
    %assign/vec4 v0x555e0e332e50_0, 0;
T_0.8 ;
T_0.7 ;
T_0.5 ;
    %jmp T_0.3;
T_0.2 ;
    %load/vec4 v0x555e0e2cfb50_0;
    %nor/r;
    %flag_set/vec4 8;
    %jmp/0xz  T_0.10, 8;
    %load/vec4 v0x555e0e332d70_0;
    %cmpi/e 1, 0, 2;
    %jmp/0xz  T_0.12, 4;
    %pushi/vec4 1, 0, 2;
    %assign/vec4 v0x555e0e332e50_0, 0;
    %jmp T_0.13;
T_0.12 ;
    %load/vec4 v0x555e0e332d70_0;
    %cmpi/e 2, 0, 2;
    %jmp/0xz  T_0.14, 4;
    %pushi/vec4 1, 0, 2;
    %assign/vec4 v0x555e0e332e50_0, 0;
    %jmp T_0.15;
T_0.14 ;
    %load/vec4 v0x555e0e332d70_0;
    %cmpi/e 0, 0, 2;
    %jmp/0xz  T_0.16, 4;
    %pushi/vec4 1, 0, 2;
    %assign/vec4 v0x555e0e332e50_0, 0;
T_0.16 ;
T_0.15 ;
T_0.13 ;
T_0.10 ;
T_0.3 ;
    %load/vec4 v0x555e0e332e50_0;
    %assign/vec4 v0x555e0e332d70_0, 0;
T_0.1 ;
    %jmp T_0;
    .thread T_0;
    .scope S_0x555e0e308680;
T_1 ;
    %vpi_call 2 17 "$dumpfile", "sequencedetector.vcd" {0 0 0};
    %vpi_call 2 18 "$dumpvars", 32'sb00000000000000000000000000000000, S_0x555e0e308680 {0 0 0};
    %end;
    .thread T_1;
    .scope S_0x555e0e308680;
T_2 ;
    %pushi/vec4 1, 0, 1;
    %store/vec4 v0x555e0e333350_0, 0, 1;
    %delay 100, 0;
    %pushi/vec4 0, 0, 1;
    %store/vec4 v0x555e0e333350_0, 0, 1;
    %pushi/vec4 0, 0, 1;
    %store/vec4 v0x555e0e333250_0, 0, 1;
    %delay 100, 0;
    %pushi/vec4 1, 0, 1;
    %store/vec4 v0x555e0e3330c0_0, 0, 1;
    %pushi/vec4 1, 0, 1;
    %store/vec4 v0x555e0e333250_0, 0, 1;
    %delay 100, 0;
    %pushi/vec4 0, 0, 1;
    %store/vec4 v0x555e0e3330c0_0, 0, 1;
    %pushi/vec4 0, 0, 1;
    %store/vec4 v0x555e0e333250_0, 0, 1;
    %delay 100, 0;
    %pushi/vec4 1, 0, 1;
    %store/vec4 v0x555e0e333250_0, 0, 1;
    %delay 100, 0;
    %pushi/vec4 1, 0, 1;
    %store/vec4 v0x555e0e3330c0_0, 0, 1;
    %pushi/vec4 0, 0, 1;
    %store/vec4 v0x555e0e333250_0, 0, 1;
    %delay 100, 0;
    %pushi/vec4 1, 0, 1;
    %store/vec4 v0x555e0e333250_0, 0, 1;
    %delay 100, 0;
    %pushi/vec4 1, 0, 1;
    %store/vec4 v0x555e0e3330c0_0, 0, 1;
    %pushi/vec4 0, 0, 1;
    %store/vec4 v0x555e0e333250_0, 0, 1;
    %delay 100, 0;
    %pushi/vec4 1, 0, 1;
    %store/vec4 v0x555e0e333250_0, 0, 1;
    %delay 100, 0;
    %pushi/vec4 0, 0, 1;
    %store/vec4 v0x555e0e333250_0, 0, 1;
    %pushi/vec4 1, 0, 1;
    %store/vec4 v0x555e0e333350_0, 0, 1;
    %delay 100, 0;
    %pushi/vec4 1, 0, 1;
    %store/vec4 v0x555e0e333250_0, 0, 1;
    %pushi/vec4 0, 0, 1;
    %store/vec4 v0x555e0e333350_0, 0, 1;
    %delay 100, 0;
    %pushi/vec4 0, 0, 1;
    %store/vec4 v0x555e0e333250_0, 0, 1;
    %end;
    .thread T_2;
    .scope S_0x555e0e308680;
T_3 ;
    %wait E_0x555e0e308bb0;
    %vpi_call 2 57 "$display", "time=%d: clk=%b,A=%b,rst=%b Y=%b\012", $time, v0x555e0e333250_0, v0x555e0e3330c0_0, v0x555e0e333350_0, v0x555e0e333180_0 {0 0 0};
    %jmp T_3;
    .thread T_3, $push;
# The file index is used to find the file name in the following table.
:file_names 4;
    "N/A";
    "<interactive>";
    "sequence_detector_tb.v";
    "sequence_detector.v";
